<?xml version="1.0" encoding="UTF-8"?>
<!-- Generated by org.testng.reporters.JUnitReportReporter -->
<testsuite hostname="Akash" failures="0" tests="1" name="tests.WikiTest" time="177.990" errors="0" timestamp="2024-08-04T21:01:19 BDT" skipped="0">
  <testcase classname="tests.WikiTest" name="wikiTest" time="177.990"/>
</testsuite> <!-- tests.WikiTest -->
